<?xml version="1.0" encoding="UTF-8"?>
<testng-results ignored="0" total="3" passed="3" failed="0" skipped="0">
  <reporter-output>
  </reporter-output>
  <suite started-at="2022-07-31T16:12:59 IST" name="Default suite" finished-at="2022-07-31T16:13:05 IST" duration-ms="5687">
    <groups>
    </groups>
    <test started-at="2022-07-31T16:12:59 IST" name="Default test" finished-at="2022-07-31T16:13:05 IST" duration-ms="5687">
      <class name="DynamicJson">
        <test-method signature="addBook(java.lang.String,java.lang.String)[pri:0, instance:DynamicJson@16a0ee18]" started-at="2022-07-31T16:12:59 IST" name="addBook" data-provider="Bookdata" finished-at="2022-07-31T16:13:04 IST" duration-ms="4961" status="PASS">
          <params>
            <param index="0">
              <value>
                <![CDATA[Kishore]]>
              </value>
            </param>
            <param index="1">
              <value>
                <![CDATA[7865420]]>
              </value>
            </param>
          </params>
          <reporter-output>
          </reporter-output>
        </test-method> <!-- addBook -->
        <test-method signature="addBook(java.lang.String,java.lang.String)[pri:0, instance:DynamicJson@16a0ee18]" started-at="2022-07-31T16:13:04 IST" name="addBook" data-provider="Bookdata" finished-at="2022-07-31T16:13:04 IST" duration-ms="209" status="PASS">
          <params>
            <param index="0">
              <value>
                <![CDATA[Jokei]]>
              </value>
            </param>
            <param index="1">
              <value>
                <![CDATA[1236547]]>
              </value>
            </param>
          </params>
          <reporter-output>
          </reporter-output>
        </test-method> <!-- addBook -->
        <test-method signature="addBook(java.lang.String,java.lang.String)[pri:0, instance:DynamicJson@16a0ee18]" started-at="2022-07-31T16:13:04 IST" name="addBook" data-provider="Bookdata" finished-at="2022-07-31T16:13:05 IST" duration-ms="396" status="PASS">
          <params>
            <param index="0">
              <value>
                <![CDATA[Kolsi]]>
              </value>
            </param>
            <param index="1">
              <value>
                <![CDATA[75412]]>
              </value>
            </param>
          </params>
          <reporter-output>
          </reporter-output>
        </test-method> <!-- addBook -->
      </class> <!-- DynamicJson -->
    </test> <!-- Default test -->
  </suite> <!-- Default suite -->
</testng-results>
